CompareX:
  n                 : 807
  rtol (rel L2)      : 1.000e-5
  atol (RMSE)        : 1.000e-3
  ||x_ref||_2        : 4.400387338e6
  ||x - x_ref||_2    : 2.524856343e1
  rel_l2             : 5.737804764e-6
  rmse               : 8.887915270e-1
  max_abs_err (diag) : 5.312500000e0
  pass_rel_l2        : true
  pass_rmse          : false
  pass               : true

Top 10 worst entries (by abs error):
  i=496      x_ref=-5.970571875e5  x=-5.970625000e5  abs=5.312500000e0
  i=451      x_ref=-5.151477188e5  x=-5.151524688e5  abs=4.750000000e0
  i=484      x_ref=-6.217178125e5  x=-6.217225000e5  abs=4.687500000e0
  i=502      x_ref=-6.217523125e5  x=-6.217568750e5  abs=4.562500000e0
  i=556      x_ref=-3.940446250e5  x=-3.940403125e5  abs=4.312500000e0
  i=445      x_ref=-5.719120000e5  x=-5.719162500e5  abs=4.250000000e0
  i=478      x_ref=-6.479365625e5  x=-6.479408125e5  abs=4.250000000e0
  i=421      x_ref=-5.718241875e5  x=-5.718282500e5  abs=4.062500000e0
  i=439      x_ref=-3.940387500e5  x=-3.940426875e5  abs=3.937500000e0
  i=346      x_ref=-4.934807812e5  x=-4.934845625e5  abs=3.781250000e0
